<?xml version="1.0" encoding="UTF-8"?>
<!-- Generated by org.testng.reporters.JUnitReportReporter -->
<testsuite skipped="0" hostname="DESKTOP-T5F7S9V" name="com.assignment.TestEx"
	tests="1" failures="0" timestamp="06 Jan 2018 07:33:50 GMT" time="1.152"
	errors="0">
	<testcase name="testNew" time="1.152" classname="com.assignment.TestEx" />
</testsuite> <!-- com.assignment.TestEx -->
