<?xml version="1.0" encoding="UTF-8"?>
<!-- Generated by org.testng.reporters.JUnitReportReporter -->
<testsuite skipped="0" hostname="DESKTOP-T5F7S9V" name="testScripts.SearchInsta"
	tests="4" failures="0" timestamp="07 Jan 2018 12:50:13 GMT" time="64.286"
	errors="0">
	<testcase name="searchInsta" time="6.611" classname="testScripts.SearchInsta" />
	<testcase name="searchInsta" time="54.291" classname="testScripts.SearchInsta" />
	<testcase name="searchInsta" time="2.054" classname="testScripts.SearchInsta" />
	<testcase name="searchInsta" time="1.330" classname="testScripts.SearchInsta" />
</testsuite> <!-- testScripts.SearchInsta -->
