<?xml version="1.0" encoding="UTF-8"?>
<!-- Generated by org.testng.reporters.JUnitReportReporter -->
<testsuite skipped="0" hostname="DESKTOP-T5F7S9V" name="testScripts.TestCassss"
	tests="1" failures="0" timestamp="07 Jan 2018 12:12:56 GMT" time="12.682"
	errors="0">
	<testcase name="negSearchInsta" time="12.682" classname="testScripts.TestCassss" />
</testsuite> <!-- testScripts.TestCassss -->
