<?xml version="1.0" encoding="UTF-8"?>
<!-- Generated by org.testng.reporters.JUnitReportReporter -->
<testsuite skipped="0" hostname="DESKTOP-T5F7S9V" name="testScripts.NegativeSearchInsta" tests="3" failures="0" timestamp="14 Jan 2018 15:16:21 GMT" time="29.757" errors="0">
  <testcase name="negSearchInsta" time="12.381" classname="testScripts.NegativeSearchInsta"/>
  <testcase name="negSearchInsta" time="6.645" classname="testScripts.NegativeSearchInsta"/>
  <testcase name="negSearchInsta" time="10.731" classname="testScripts.NegativeSearchInsta"/>
</testsuite> <!-- testScripts.NegativeSearchInsta -->
