<?xml version="1.0" encoding="UTF-8"?>
<!-- Generated by org.testng.reporters.JUnitReportReporter -->
<testsuite skipped="0" hostname="DESKTOP-T5F7S9V" name="testScripts.SearchInsta" tests="1" failures="0" timestamp="14 Jan 2018 15:18:16 GMT" time="8.021" errors="0">
  <testcase name="searchInsta" time="8.021" classname="testScripts.SearchInsta"/>
</testsuite> <!-- testScripts.SearchInsta -->
