<?xml version="1.0" encoding="UTF-8"?>
<!-- Generated by org.testng.reporters.JUnitReportReporter -->
<testsuite skipped="0" hostname="DESKTOP-T5F7S9V" name="testScripts.NegativeSearchInsta" tests="4" failures="0" timestamp="08 Jan 2018 11:48:34 GMT" time="69.576" errors="0">
  <testcase name="negSearchInsta" time="3.899" classname="testScripts.NegativeSearchInsta"/>
  <testcase name="negSearchInsta" time="54.238" classname="testScripts.NegativeSearchInsta"/>
  <testcase name="negSearchInsta" time="5.036" classname="testScripts.NegativeSearchInsta"/>
  <testcase name="negSearchInsta" time="6.403" classname="testScripts.NegativeSearchInsta"/>
</testsuite> <!-- testScripts.NegativeSearchInsta -->
