<?xml version="1.0" encoding="UTF-8"?>
<!-- Generated by org.testng.reporters.JUnitReportReporter -->
<testsuite skipped="0" hostname="DESKTOP-T5F7S9V" name="testScripts.SearchInsta" tests="4" failures="0" timestamp="08 Jan 2018 11:48:34 GMT" time="66.132" errors="0">
  <testcase name="searchInsta" time="5.117" classname="testScripts.SearchInsta"/>
  <testcase name="searchInsta" time="1.523" classname="testScripts.SearchInsta"/>
  <testcase name="searchInsta" time="6.227" classname="testScripts.SearchInsta"/>
  <testcase name="searchInsta" time="53.265" classname="testScripts.SearchInsta"/>
</testsuite> <!-- testScripts.SearchInsta -->
