<?xml version="1.0" encoding="UTF-8"?>
<!-- Generated by org.testng.reporters.JUnitReportReporter -->
<testsuite skipped="0" hostname="DESKTOP-T5F7S9V"
	name="testScripts.NegativeSearchInsta" tests="4" failures="0"
	timestamp="07 Jan 2018 12:50:13 GMT" time="79.956" errors="0">
	<testcase name="negSearchInsta" time="59.547"
		classname="testScripts.NegativeSearchInsta" />
	<testcase name="negSearchInsta" time="7.167"
		classname="testScripts.NegativeSearchInsta" />
	<testcase name="negSearchInsta" time="7.624"
		classname="testScripts.NegativeSearchInsta" />
	<testcase name="negSearchInsta" time="5.618"
		classname="testScripts.NegativeSearchInsta" />
</testsuite> <!-- testScripts.NegativeSearchInsta -->
